INFO  21:20:47.432 [main] (Pleiades) Pleiades 構成保管パス: C:\Users\admin\OneDrive\Desktop\workspace\workspace-aoyama\TestProject01\pleiades-e4.5-java-jre_20160312\pleiades\eclipse\configuration\jp.sourceforge.mergedoc.pleiades
INFO  21:20:47.461 [main] (PleiadesConfig) Pleiades 構成ファイルをロードしました。
INFO  21:20:47.462 [main] (Pleiades) Eclipse AOP 起動トランスフォーマーを開始します。Pleiades 起動オプション:null
INFO  21:20:47.462 [pool-1-thread-5] (PropertySet) load  0.000 秒 -      5 エントリー org.eclipse.ui.ide.prefs
INFO  21:20:47.463 [pool-1-thread-2] (PropertySet) load  0.000 秒 -     67 エントリー translation-exclude-package.properties
INFO  21:20:47.466 [pool-1-thread-3] (PropertySet) load  0.003 秒 -    359 エントリー translation-regex.properties
INFO  21:20:47.471 [pool-1-thread-3] (PropertySet) load  0.000 秒 -     16 エントリー translation-regex-through.properties
INFO  21:20:47.491 [main] (LauncherEclipseTransformer) transform: org.eclipse.equinox.launcher.Main
INFO  21:20:47.503 [pool-2-thread-1] (EclipseFiles) 前回のプラグイン更新最終時刻: 2024-10-19 17:56:13
INFO  21:20:47.503 [pool-2-thread-1] (EclipseFiles) 今回のプラグイン更新最終時刻: 2024-10-19 17:56:13
INFO  21:20:47.527 [main] (LauncherTransformer) アプリケーションの起動を開始しました。-clean:false
INFO  21:20:47.527 [main] (LauncherTransformer) Pleiades AOP 起動トランスフォーマーを停止します。
INFO  21:20:47.534 [main] (LauncherTransformer) Pleiades AOP 翻訳トランスフォーマーを開始します。
INFO  21:20:47.547 [pool-1-thread-3] (ExcludeClassNameCache) load   14548 エントリー exclude-class.list
INFO  21:20:47.603 [pool-1-thread-3] (TransformedClassCache) load      677 エントリー transformed-class.cache
INFO  21:20:47.630 [pool-1-thread-3] (ValueHashPropertySet) load  0.025 秒 -  24215 エントリー translation-cache.properties.zip
INFO  21:20:47.632 [pool-1-thread-3] (CachePropertySet) load  0.002 秒 -   2568 エントリー mnemonic-cache.properties.zip
INFO  21:20:48.307 [Start Level: Equinox Container: a0f07092-148e-001f-10fa-f24ebae8d347] (AbstractTranslationDictionary$1) load  0.170 秒 - 118476 エントリー translation.properties
INFO  21:20:48.309 [Start Level: Equinox Container: a0f07092-148e-001f-10fa-f24ebae8d347] (AbstractTranslationDictionary$1) load  0.002 秒 - 118592 エントリー translation-multibytes-key.properties
INFO  21:20:57.137 [main] (Analyses) Eclipse 始動完了 - 始動時間: 9.533 秒。-clean:false
